GL_LOG_FILE log. local time Fri Sep 19 20:58:50 2014
build version: Sep 19 2014 20:58:43

starting GLFW
3.0.3 Win32 WGL MinGW DLL
renderer: Parallels using NVIDIA GeForce GT 650M OpenGL Engine
version: 2.1 NVIDIA-8.26.26 310.40.45f01
GL Context Params:
GL_MAX_COMBINED_TEXTURE_IMAGE_UNITS 16
GL_MAX_CUBE_MAP_TEXTURE_SIZE 16384
GL_MAX_DRAW_BUFFERS 8
GL_MAX_FRAGMENT_UNIFORM_COMPONENTS 2048
GL_MAX_TEXTURE_IMAGE_UNITS 16
GL_MAX_TEXTURE_SIZE 16384
GL_MAX_VARYING_FLOATS 124
GL_MAX_VERTEX_ATTRIBS 16
GL_MAX_VERTEX_TEXTURE_IMAGE_UNITS 16
GL_MAX_VERTEX_UNIFORM_COMPONENTS 4096
GL_MAX_VIEWPORT_DIMS 16384 16384
GL_STEREO 0
-----------------------------
